2017-11-15 20:16:50,754 - simpleExample - DEBUG - (8, {'newsId': 'fd2cb73d9fc9a08c1e95ceaac39dea21e2aa853b', 'srcUrl': 'http://money.163.com/17/0724/09/CQ3NT5SH002580S6.html', 'title': '贵州省食药监局：抽检1317批次食品 15批次不合格', 'postTime': 1500858780000, 'body': '（原标题：贵州省食药监局：抽检1317批次食品 15批次不合格） 中国网财经7月24日讯 近日国家食品药品监督管理总局发布一则信息，近期国家食品药品监督管理总局委托贵州省流通环节食品安全检验中心抽检饼干、茶叶、炒货食品、蛋制品、淀粉及其制品、豆制品、方便食品、蜂产品、糕点、酒类、冷冻饮品、粮食加工品、肉制品、乳制品、食糖、食用农产品、食用油、蔬菜制品、薯类和膨化食品、水果制品、速冻食品、调味品、饮料、糖果制品等24类食品1317批次样品，合格样品1302批次，不合格样品15批次。'})
2017-11-15 20:16:51,277 - simpleExample - DEBUG - (9, {'newsId': 'd77ea0c6a568d9c7d4eba8ee13534f2846b8079c', 'srcUrl': 'http://www.cqn.com.cn/ms/content/2017-07/06/content_4529851.htm', 'title': '马鞍山市食药监局抽检4类食品29批次样品 全部合格', 'postTime': 1499324580000, 'body': '中国质量新闻网讯 2017年7月5日，马鞍山市食品药品监督管理局官网发布《关于公布2017年第11期食品安全监督抽检信息的通告（省抽第四批）》。本期信息显示，该局抽检4类食品29批次样品。其中，粮食加工品15批次，全部合格；肉制品8批次，全部合格；酒类5批次，全部合格；饮料1批次，全部合格。 马鞍山市食品药品监督管理局提示广大消费者，购买食品时要通过正规可靠渠道并保存相应购物凭证，要看清外包装上的相关标识，如生产日期、保质期、生产者名称和地址、成分或配料表等信息；查看真空包装是否漏气涨袋、有没有变质；不要购买无厂名、厂址、生产日期和保质期的产品，不要购买超过保质期的产品。凡购买不合格产品应停止食用，及时与生产企业或经销商联系。在市场上购买食品时，如有问题请拨打12331热线电话进行投诉或举报。 食品监督抽检产品合格信息 本次抽检4类食品29批次样品。其中，粮食加工品15批次，全部合格；饮料1批次，全部合格；酒类5批次，全部合格；肉制品8批次，全部合格。 抽样编号 序号 标示生产企业名称 标识生产企业地址 被抽样单位名称 被抽样单位所在市 食品名称 规格型号 生产日期/批号 分类 公告号 公告日期 任务来源/项目名称 备注 SC17340015004 1 安徽联邦农业科技有限公司 含山县粮食产业园 安徽联邦农业科技有限公司 马鞍山市 猫牙米（大米） / 2017/05/19 粮食加工品 2017年第11期 2017.07.05 马鞍山市/省抽 \u3000 SC17340015008 2 安徽省好再来食品有限公司 安徽省马鞍山市含山县县城二环路 安徽省好再来食品有限公司 马鞍山市 麻辣鸭爪 105g 2017/04/08 肉制品 2017年第11期 2017.07.05 马鞍山市/省抽 \u3000 SC17340015013 3 安徽省运酒厂集团有限公司 安徽省马鞍山市含山县运漕镇运塔路旁 安徽省运酒厂集团有限公司 马鞍山市 打工皇帝新概念酒（白酒） 450ml/瓶 42%vol 2017/04/11 酒类 2017年第11期 2017.07.05 马鞍山市/省抽 \u3000 SC17340015014 4 安徽省运酒厂集团有限公司 安徽省马鞍山市含山县运漕镇运塔路旁 安徽省运酒厂集团有限公司 马鞍山市 运酒好运来（白酒） 450ml/瓶 40%vol 2017/05/11 酒类 2017年第11期 2017.07.05 马鞍山市/省抽 \u3000 SC17340015015 5 安徽省运酒厂集团有限公司 安徽省马鞍山市含山县运漕镇运塔路旁 安徽省运酒厂集团有限公司 马鞍山市 珍品古漕运酒（白酒） 450ml/瓶 43%vol 2017/03/18 酒类 2017年第11期 2017.07.05 马鞍山市/省抽 \u3000 SC17340015018 6 安徽省好再来食品有限公司 安徽省马鞍山市含山县县城二环路 安徽省好再来食品有限公司 马鞍山市 入味香卤腿 85g 2017/04/13 肉制品 2017年第11期 2017.07.05 马鞍山市/省抽 \u3000 SC17340015024 7 安徽联邦农业科技有限公司 含山县粮食产业园 安徽联邦农业科技有限公司 马鞍山市 原味香米（大米） / 2017/05/19 粮食加工品 2017年第11期 2017.07.05 马鞍山市/省抽 \u3000 SC17340025039 8 马鞍山市太白泉纯净水厂 马鞍山市当涂青山 马鞍山市太白泉纯净水厂 马鞍山市 太白泉优质纯净水（饮用纯净水） 18L/桶 2017/05/16 饮料 2017年第11期 2017.07.05 马鞍山市/省抽 \u3000 SC17340025040 9 马鞍山百瑞食品有限公司 安徽省马鞍山市当涂经济开发区云从路2号 马鞍山百瑞食品有限公司 马鞍山市 意式烟熏腊五花（火腿）（腌腊肉制品） 具体称重（简单包装） 2017/05/05 肉制品 2017年第11期 2017.07.05 马鞍山市/省抽 \u3000 SC17340025041 10 马鞍山百瑞食品有限公司 安徽省马鞍山市当涂经济开发区云从路2号 马鞍山百瑞食品有限公司 马鞍山市 纽伦堡香肠（熏煮香肠火腿制品） 300g/袋 2017/05/17 肉制品 2017年第11期 2017.07.05 马鞍山市/省抽 \u3000 SC17340025042 11 马鞍山百瑞食品有限公司 安徽省马鞍山市当涂经济开发区云从路2号 马鞍山百瑞食品有限公司 马鞍山市 图林根香肠（熏煮香肠火腿制品） 300g/袋 2017/05/04 肉制品 2017年第11期 2017.07.05 马鞍山市/省抽 \u3000 SC17340035004 12 和县五星粮油加工厂 和县十里开发区 和县五星粮油加工厂 马鞍山市 大米（籼米） 25kg/袋 2017/05/16 粮食加工品 2017年第11期 2017.07.05 马鞍山市/省抽 \u3000 SC17340035005 13 和县名鑫米业有限公司 安徽省马鞍山市和县西埠镇振兴西街180号 和县名鑫米业有限公司 马鞍山市 大米（籼米） 24.5kg/袋 2017/05/11 粮食加工品 2017年第11期 2017.07.05 马鞍山市/省抽 \u3000 SC17340035006 14 和县共义粮油有限责任公司双庙分公司 安徽省马鞍山市和县西埠镇双庙村委会五里墩 和县共义粮油有限责任公司双庙分公司 马鞍山市 丝牙香米 25kg/袋 2017/05/10 粮食加工品 2017年第11期 2017.07.05 马鞍山市/省抽 \u3000 SC17340035007 15 和县宇润粮油厂 安徽省马鞍山市和县腰埠街道北 和县宇润粮油厂 马鞍山市 苗竹米（籼米） 10kg/袋 2017/05/13 粮食加工品 2017年第11期 2017.07.05 马鞍山市/省抽 null SC17340035008 16 和县谷香米有限公司 安徽省马鞍山市和县西埠镇腰埠街道157号 和县谷香米有限公司 马鞍山市 大米（晚籼米） 10kg/袋 2017/05/14 粮食加工品 2017年第11期 2017.07.05 马鞍山市/省抽 null SC17340035009 17 和县兴荣粮油厂 安徽省马鞍山市和县西埠镇腰埠中街 和县兴荣粮油厂 马鞍山市 大米（籼米） 23.5kg/袋 2017/05/16 粮食加工品 2017年第11期 2017.07.05 马鞍山市/省抽 null SC17340035010 18 和县华丰粮油厂 安徽省马鞍山市和县西埠镇腰埠街道 和县华丰粮油厂（普通合伙） 马鞍山市 籼米 23.5kg/袋 2017/05/16 粮食加工品 2017年第11期 2017.07.05 马鞍山市/省抽 null SC17340035011 19 和县翠微斋食品有限公司 安徽省马鞍山市和县台湾农民创业园海峡大道北边5号 和县翠微斋食品有限公司 马鞍山市 银丝香籼米 25kg/袋 2017/05/16 粮食加工品 2017年第11期 2017.07.05 马鞍山市/省抽 null SC17340035013 20 和县善丰米业有限公司 安徽省马鞍山市和县善厚镇工业集中区 和县善丰米业有限公司 马鞍山市 半月湖香米 25kg/袋 2017/05/17 粮食加工品 2017年第11期 2017.07.05 马鞍山市/省抽 null SC17340035015 21 和县慧龙米业有限责任公司 安徽省马鞍山市和县善厚镇工业园 和县慧龙米业有限责任公司 马鞍山市 大米 24.75kg/袋 2017/05/15 粮食加工品 2017年第11期 2017.07.05 马鞍山市/省抽 null SC17340035019 22 和县善厚米业有限责任公司 安徽省马鞍山市和县善厚镇工业集中区善石路南侧 和县善厚米业有限责任公司 马鞍山市 金山水香米 9.85kg/袋 2017/05/10 粮食加工品 2017年第11期 2017.07.05 马鞍山市/省抽 null SC17340035028 23 和县石杨春光米厂 安徽省马鞍山市和县石杨镇滁河东街1号 和县石杨春光米厂 马鞍山市 春光猫牙米 25kg/袋 2017/04/29 粮食加工品 2017年第11期 2017.07.05 马鞍山市/省抽 null SC17340035029 24 和县石杨镇恒达粮油厂 安徽马鞍山市和县石杨镇街道 和县石杨镇恒达粮油厂 马鞍山市 月牙米 10kg/袋 2017/05/16 粮食加工品 2017年第11期 2017.07.05 马鞍山市/省抽 null SC17340085025 25 马鞍山春盛生态农业有限公司 马鞍山市雨山区佳山乡前庄村 马鞍山春盛生态农业有限公司 马鞍山市 猪头肉 400g/袋 2017/05/15 肉制品 2017年第11期 2017.07.05 马鞍山市/省抽 null SC17340085026 26 马鞍山春盛生态农业有限公司 马鞍山市雨山区佳山乡前庄村 马鞍山春盛生态农业有限公司 马鞍山市 猪手 400g/袋 2017/05/15 肉制品 2017年第11期 2017.07.05 马鞍山市/省抽 null SC17340085027 27 马鞍山春盛生态农业有限公司 马鞍山市雨山区佳山乡前庄村 马鞍山春盛生态农业有限公司 马鞍山市 牛肉 400g/袋 2017/05/15 肉制品 2017年第11期 2017.07.05 马鞍山市/省抽 null SC17340085028 28 马鞍山唐人酿酒有限责任公司 马鞍山市慈湖工业园北庙路9号 马鞍山唐人酿酒有限责任公司 马鞍山市 和谐酒 450ml/盒 2012/10/15 酒类 2017年第11期 2017.07.05 马鞍山市/省抽 null SC17340085029 29 马鞍山唐人酿酒有限责任公司 马鞍山市慈湖工业园北庙路9号 马鞍山唐人酿酒有限责任公司 马鞍山市 祥和浓香型白酒 500ml/盒 2011/01/08 酒类 2017年第11期 2017.07.05 马鞍山市/省抽 null'})
2017-11-15 20:22:47,639 - simpleExample - DEBUG - debug message
2017-11-15 20:22:47,640 - simpleExample - INFO - info message
2017-11-15 20:22:47,641 - simpleExample - WARNING - warn message
2017-11-15 20:22:47,642 - simpleExample - ERROR - error message
2017-11-15 20:22:47,643 - simpleExample - CRITICAL - critical message
2017-11-15 20:38:30,991 - simpleExample - DEBUG - debug message
2017-11-15 20:38:30,992 - simpleExample - INFO - info message
2017-11-15 20:38:30,993 - simpleExample - WARNING - warn message
2017-11-15 20:38:30,993 - simpleExample - ERROR - error message
2017-11-15 20:38:30,994 - simpleExample - CRITICAL - critical message
2017-11-15 22:10:44,253 - simpleExample - DEBUG - debug message
2017-11-15 22:10:44,255 - simpleExample - INFO - info message
2017-11-15 22:10:44,256 - simpleExample - WARNING - warn message
2017-11-15 22:10:44,257 - simpleExample - ERROR - error message
2017-11-15 22:10:44,258 - simpleExample - CRITICAL - critical message
2017-11-15 22:10:54,700 - simpleExample - DEBUG - debug message
2017-11-15 22:10:54,701 - simpleExample - INFO - info message
2017-11-15 22:10:54,702 - simpleExample - WARNING - warn message
2017-11-15 22:10:54,703 - simpleExample - ERROR - error message
2017-11-15 22:10:54,704 - simpleExample - CRITICAL - critical message
2017-11-15 22:12:30,891 - simpleExample - DEBUG - debug message
2017-11-15 22:12:30,892 - simpleExample - INFO - info message
2017-11-15 22:12:30,893 - simpleExample - WARNING - warn message
2017-11-15 22:12:30,894 - simpleExample - ERROR - error message
2017-11-15 22:12:30,895 - simpleExample - CRITICAL - critical message
2017-11-15 22:50:38,797 - simpleExample - DEBUG - debug message
2017-11-15 22:50:38,798 - simpleExample - INFO - info message
2017-11-15 22:50:38,799 - simpleExample - WARNING - warn message
2017-11-15 22:50:38,800 - simpleExample - ERROR - error message
2017-11-15 22:50:38,801 - simpleExample - CRITICAL - critical message
2017-11-15 22:52:38,499 - simpleExample - DEBUG - debug message
2017-11-15 22:52:38,500 - simpleExample - INFO - info message
2017-11-15 22:52:38,501 - simpleExample - WARNING - warn message
2017-11-15 22:52:38,502 - simpleExample - ERROR - error message
2017-11-15 22:52:38,503 - simpleExample - CRITICAL - critical message
2017-11-15 22:56:31,816 - simpleExample - DEBUG - debug message
2017-11-15 22:56:31,818 - simpleExample - INFO - info message
2017-11-15 22:56:31,818 - simpleExample - WARNING - warn message
2017-11-15 22:56:31,819 - simpleExample - ERROR - error message
2017-11-15 22:56:31,820 - simpleExample - CRITICAL - critical message
2017-11-15 22:58:45,085 - simpleExample - DEBUG - debug message
2017-11-15 22:58:45,086 - simpleExample - INFO - info message
2017-11-15 22:58:45,087 - simpleExample - WARNING - warn message
2017-11-15 22:58:45,088 - simpleExample - ERROR - error message
2017-11-15 22:58:45,089 - simpleExample - CRITICAL - critical message
2017-11-15 23:19:03,152 - simpleExample - DEBUG - debug message
2017-11-15 23:19:03,153 - simpleExample - INFO - info message
2017-11-15 23:19:03,154 - simpleExample - WARNING - warn message
2017-11-15 23:19:03,154 - simpleExample - ERROR - error message
2017-11-15 23:19:03,156 - simpleExample - CRITICAL - critical message
